2019-09-16 15:53:47.352  INFO 80707 --- [main] com.tk.TkMigrateApplicationTests         : Starting TkMigrateApplicationTests on xiaomanbodeMacBook-Pro.local with PID 80707 (started by alex in /Users/alex/Downloads/tk/tk-migrate)
2019-09-16 15:53:47.355  INFO 80707 --- [main] com.tk.TkMigrateApplicationTests         : The following profiles are active: oracle
2019-09-16 15:53:48.288  WARN 80707 --- [main] o.m.s.mapper.ClassPathMapperScanner      : Skipping MapperFactoryBean with name 'adminKnowledgeDao' and 'com.tk.migrate.dao.AdminKnowledgeDao' mapperInterface. Bean already defined with the same name!
2019-09-16 15:53:48.289  WARN 80707 --- [main] o.m.s.mapper.ClassPathMapperScanner      : Skipping MapperFactoryBean with name 'adminPointRelationDao' and 'com.tk.migrate.dao.AdminPointRelationDao' mapperInterface. Bean already defined with the same name!
2019-09-16 15:53:48.289  WARN 80707 --- [main] o.m.s.mapper.ClassPathMapperScanner      : Skipping MapperFactoryBean with name 'adminQuestionKnowDao' and 'com.tk.migrate.dao.AdminQuestionKnowDao' mapperInterface. Bean already defined with the same name!
2019-09-16 15:53:48.290  WARN 80707 --- [main] o.m.s.mapper.ClassPathMapperScanner      : Skipping MapperFactoryBean with name 'categoryDao' and 'com.tk.migrate.dao.CategoryDao' mapperInterface. Bean already defined with the same name!
2019-09-16 15:53:48.290  WARN 80707 --- [main] o.m.s.mapper.ClassPathMapperScanner      : Skipping MapperFactoryBean with name 'questionDao' and 'com.tk.migrate.dao.QuestionDao' mapperInterface. Bean already defined with the same name!
2019-09-16 15:53:48.290  WARN 80707 --- [main] o.m.s.mapper.ClassPathMapperScanner      : Skipping MapperFactoryBean with name 'subjectDao' and 'com.tk.migrate.dao.SubjectDao' mapperInterface. Bean already defined with the same name!
2019-09-16 15:53:48.290  WARN 80707 --- [main] o.m.s.mapper.ClassPathMapperScanner      : No MyBatis mapper was found in '[com.tk.*.dao]' package. Please check your configuration.
2019-09-16 15:53:48.859  INFO 80707 --- [main] .s.d.r.c.RepositoryConfigurationDelegate : Bootstrapping Spring Data repositories in DEFAULT mode.
2019-09-16 15:53:48.906  INFO 80707 --- [main] .s.d.r.c.RepositoryConfigurationDelegate : Finished Spring Data repository scanning in 35ms. Found 0 repository interfaces.
2019-09-16 15:53:50.428  INFO 80707 --- [main] trationDelegate$BeanPostProcessorChecker : Bean 'org.springframework.transaction.annotation.ProxyTransactionManagementConfiguration' of type [org.springframework.transaction.annotation.ProxyTransactionManagementConfiguration$$EnhancerBySpringCGLIB$$32995790] is not eligible for getting processed by all BeanPostProcessors (for example: not eligible for auto-proxying)
2019-09-16 15:53:50.868  INFO 80707 --- [main] com.zaxxer.hikari.HikariDataSource       : HikariPool-1 - Starting...
2019-09-16 15:53:51.562  INFO 80707 --- [main] com.zaxxer.hikari.HikariDataSource       : HikariPool-1 - Start completed.
2019-09-16 15:53:57.692  INFO 80707 --- [main] org.mongodb.driver.cluster               : Cluster created with settings {hosts=[127.0.0.1:30001], mode=MULTIPLE, requiredClusterType=UNKNOWN, serverSelectionTimeout='30000 ms', maxWaitQueueSize=500}
2019-09-16 15:53:57.693  INFO 80707 --- [main] org.mongodb.driver.cluster               : Adding discovered server 127.0.0.1:30001 to client view of cluster
2019-09-16 15:53:57.849  INFO 80707 --- [cluster-ClusterId{value='5d7f3f9535cb343b438741b0', description='null'}-127.0.0.1:30001] org.mongodb.driver.connection            : Opened connection [connectionId{localValue:1, serverValue:1094}] to 127.0.0.1:30001
2019-09-16 15:53:57.863  INFO 80707 --- [cluster-ClusterId{value='5d7f3f9535cb343b438741b0', description='null'}-127.0.0.1:30001] org.mongodb.driver.cluster               : Monitor thread successfully connected to server with description ServerDescription{address=127.0.0.1:30001, type=STANDALONE, state=CONNECTED, ok=true, version=ServerVersion{versionList=[3, 4, 2]}, minWireVersion=0, maxWireVersion=5, maxDocumentSize=16777216, logicalSessionTimeoutMinutes=null, roundTripTimeNanos=8981574}
2019-09-16 15:53:57.865  INFO 80707 --- [cluster-ClusterId{value='5d7f3f9535cb343b438741b0', description='null'}-127.0.0.1:30001] org.mongodb.driver.cluster               : Discovered cluster type of STANDALONE
2019-09-16 15:53:59.676  INFO 80707 --- [main] o.s.s.concurrent.ThreadPoolTaskExecutor  : Initializing ExecutorService 'applicationTaskExecutor'
2019-09-16 15:54:01.113  INFO 80707 --- [main] o.s.b.a.e.web.EndpointLinksResolver      : Exposing 2 endpoint(s) beneath base path '/actuator'
2019-09-16 15:54:01.293  INFO 80707 --- [main] com.tk.TkMigrateApplicationTests         : Started TkMigrateApplicationTests in 29.502 seconds (JVM running for 30.631)
2019-09-16 15:54:01.863  INFO 80707 --- [Thread-3] o.s.s.concurrent.ThreadPoolTaskExecutor  : Shutting down ExecutorService 'applicationTaskExecutor'
2019-09-16 15:54:01.875  INFO 80707 --- [Thread-3] com.zaxxer.hikari.HikariDataSource       : HikariPool-1 - Shutdown initiated...
2019-09-16 15:54:01.888  INFO 80707 --- [Thread-3] com.zaxxer.hikari.HikariDataSource       : HikariPool-1 - Shutdown completed.
2019-09-16 16:46:26.433  INFO 91051 --- [main] com.tk.TkMigrateApplicationTests         : Starting TkMigrateApplicationTests on xiaomanbodeMacBook-Pro.local with PID 91051 (started by alex in /Users/alex/Downloads/tk/tk-migrate)
2019-09-16 16:46:26.437  INFO 91051 --- [main] com.tk.TkMigrateApplicationTests         : The following profiles are active: oracle
2019-09-16 16:46:28.384  WARN 91051 --- [main] o.m.s.mapper.ClassPathMapperScanner      : Skipping MapperFactoryBean with name 'adminKnowledgeDao' and 'com.tk.migrate.dao.AdminKnowledgeDao' mapperInterface. Bean already defined with the same name!
2019-09-16 16:46:28.384  WARN 91051 --- [main] o.m.s.mapper.ClassPathMapperScanner      : Skipping MapperFactoryBean with name 'adminPointRelationDao' and 'com.tk.migrate.dao.AdminPointRelationDao' mapperInterface. Bean already defined with the same name!
2019-09-16 16:46:28.384  WARN 91051 --- [main] o.m.s.mapper.ClassPathMapperScanner      : Skipping MapperFactoryBean with name 'adminQuestionKnowDao' and 'com.tk.migrate.dao.AdminQuestionKnowDao' mapperInterface. Bean already defined with the same name!
2019-09-16 16:46:28.385  WARN 91051 --- [main] o.m.s.mapper.ClassPathMapperScanner      : Skipping MapperFactoryBean with name 'categoryDao' and 'com.tk.migrate.dao.CategoryDao' mapperInterface. Bean already defined with the same name!
2019-09-16 16:46:28.385  WARN 91051 --- [main] o.m.s.mapper.ClassPathMapperScanner      : Skipping MapperFactoryBean with name 'questionDao' and 'com.tk.migrate.dao.QuestionDao' mapperInterface. Bean already defined with the same name!
2019-09-16 16:46:28.386  WARN 91051 --- [main] o.m.s.mapper.ClassPathMapperScanner      : Skipping MapperFactoryBean with name 'subjectDao' and 'com.tk.migrate.dao.SubjectDao' mapperInterface. Bean already defined with the same name!
2019-09-16 16:46:28.386  WARN 91051 --- [main] o.m.s.mapper.ClassPathMapperScanner      : No MyBatis mapper was found in '[com.tk.*.dao]' package. Please check your configuration.
2019-09-16 16:46:29.823  INFO 91051 --- [main] .s.d.r.c.RepositoryConfigurationDelegate : Bootstrapping Spring Data repositories in DEFAULT mode.
2019-09-16 16:46:29.864  INFO 91051 --- [main] .s.d.r.c.RepositoryConfigurationDelegate : Finished Spring Data repository scanning in 31ms. Found 0 repository interfaces.
2019-09-16 16:46:32.179  INFO 91051 --- [main] trationDelegate$BeanPostProcessorChecker : Bean 'org.springframework.transaction.annotation.ProxyTransactionManagementConfiguration' of type [org.springframework.transaction.annotation.ProxyTransactionManagementConfiguration$$EnhancerBySpringCGLIB$$ef79b091] is not eligible for getting processed by all BeanPostProcessors (for example: not eligible for auto-proxying)
2019-09-16 16:46:33.686  INFO 91051 --- [main] com.zaxxer.hikari.HikariDataSource       : HikariPool-1 - Starting...
2019-09-16 16:46:34.745  INFO 91051 --- [main] com.zaxxer.hikari.HikariDataSource       : HikariPool-1 - Start completed.
2019-09-16 16:46:42.651  INFO 91051 --- [main] org.mongodb.driver.cluster               : Cluster created with settings {hosts=[127.0.0.1:30001], mode=MULTIPLE, requiredClusterType=UNKNOWN, serverSelectionTimeout='30000 ms', maxWaitQueueSize=500}
2019-09-16 16:46:42.653  INFO 91051 --- [main] org.mongodb.driver.cluster               : Adding discovered server 127.0.0.1:30001 to client view of cluster
2019-09-16 16:46:43.105  INFO 91051 --- [cluster-ClusterId{value='5d7f4bf235cb3463ab2301c8', description='null'}-127.0.0.1:30001] org.mongodb.driver.connection            : Opened connection [connectionId{localValue:1, serverValue:1096}] to 127.0.0.1:30001
2019-09-16 16:46:43.122  INFO 91051 --- [cluster-ClusterId{value='5d7f4bf235cb3463ab2301c8', description='null'}-127.0.0.1:30001] org.mongodb.driver.cluster               : Monitor thread successfully connected to server with description ServerDescription{address=127.0.0.1:30001, type=STANDALONE, state=CONNECTED, ok=true, version=ServerVersion{versionList=[3, 4, 2]}, minWireVersion=0, maxWireVersion=5, maxDocumentSize=16777216, logicalSessionTimeoutMinutes=null, roundTripTimeNanos=12664076}
2019-09-16 16:46:43.124  INFO 91051 --- [cluster-ClusterId{value='5d7f4bf235cb3463ab2301c8', description='null'}-127.0.0.1:30001] org.mongodb.driver.cluster               : Discovered cluster type of STANDALONE
2019-09-16 16:46:47.633  INFO 91051 --- [main] o.s.s.concurrent.ThreadPoolTaskExecutor  : Initializing ExecutorService 'applicationTaskExecutor'
2019-09-16 16:46:53.218  INFO 91051 --- [main] o.s.b.a.e.web.EndpointLinksResolver      : Exposing 2 endpoint(s) beneath base path '/actuator'
2019-09-16 16:46:53.564  INFO 91051 --- [main] com.tk.TkMigrateApplicationTests         : Started TkMigrateApplicationTests in 42.973 seconds (JVM running for 44.323)
2019-09-16 16:46:54.800  INFO 91051 --- [Thread-3] o.s.s.concurrent.ThreadPoolTaskExecutor  : Shutting down ExecutorService 'applicationTaskExecutor'
2019-09-16 16:46:54.808  INFO 91051 --- [Thread-3] com.zaxxer.hikari.HikariDataSource       : HikariPool-1 - Shutdown initiated...
2019-09-16 16:46:54.822  INFO 91051 --- [Thread-3] com.zaxxer.hikari.HikariDataSource       : HikariPool-1 - Shutdown completed.
2019-09-16 16:48:16.152  INFO 91464 --- [main] com.tk.TkMigrateApplicationTests         : Starting TkMigrateApplicationTests on xiaomanbodeMacBook-Pro.local with PID 91464 (started by alex in /Users/alex/Downloads/tk/tk-migrate)
2019-09-16 16:48:16.154  INFO 91464 --- [main] com.tk.TkMigrateApplicationTests         : The following profiles are active: oracle
2019-09-16 16:48:17.187  WARN 91464 --- [main] o.m.s.mapper.ClassPathMapperScanner      : Skipping MapperFactoryBean with name 'adminKnowledgeDao' and 'com.tk.migrate.dao.AdminKnowledgeDao' mapperInterface. Bean already defined with the same name!
2019-09-16 16:48:17.188  WARN 91464 --- [main] o.m.s.mapper.ClassPathMapperScanner      : Skipping MapperFactoryBean with name 'adminPointRelationDao' and 'com.tk.migrate.dao.AdminPointRelationDao' mapperInterface. Bean already defined with the same name!
2019-09-16 16:48:17.189  WARN 91464 --- [main] o.m.s.mapper.ClassPathMapperScanner      : Skipping MapperFactoryBean with name 'adminQuestionKnowDao' and 'com.tk.migrate.dao.AdminQuestionKnowDao' mapperInterface. Bean already defined with the same name!
2019-09-16 16:48:17.190  WARN 91464 --- [main] o.m.s.mapper.ClassPathMapperScanner      : Skipping MapperFactoryBean with name 'categoryDao' and 'com.tk.migrate.dao.CategoryDao' mapperInterface. Bean already defined with the same name!
2019-09-16 16:48:17.190  WARN 91464 --- [main] o.m.s.mapper.ClassPathMapperScanner      : Skipping MapperFactoryBean with name 'questionDao' and 'com.tk.migrate.dao.QuestionDao' mapperInterface. Bean already defined with the same name!
2019-09-16 16:48:17.191  WARN 91464 --- [main] o.m.s.mapper.ClassPathMapperScanner      : Skipping MapperFactoryBean with name 'subjectDao' and 'com.tk.migrate.dao.SubjectDao' mapperInterface. Bean already defined with the same name!
2019-09-16 16:48:17.191  WARN 91464 --- [main] o.m.s.mapper.ClassPathMapperScanner      : No MyBatis mapper was found in '[com.tk.*.dao]' package. Please check your configuration.
2019-09-16 16:48:17.776  INFO 91464 --- [main] .s.d.r.c.RepositoryConfigurationDelegate : Bootstrapping Spring Data repositories in DEFAULT mode.
2019-09-16 16:48:17.828  INFO 91464 --- [main] .s.d.r.c.RepositoryConfigurationDelegate : Finished Spring Data repository scanning in 39ms. Found 0 repository interfaces.
2019-09-16 16:48:18.760  INFO 91464 --- [main] trationDelegate$BeanPostProcessorChecker : Bean 'org.springframework.transaction.annotation.ProxyTransactionManagementConfiguration' of type [org.springframework.transaction.annotation.ProxyTransactionManagementConfiguration$$EnhancerBySpringCGLIB$$8d5d9963] is not eligible for getting processed by all BeanPostProcessors (for example: not eligible for auto-proxying)
2019-09-16 16:48:19.404  INFO 91464 --- [main] com.zaxxer.hikari.HikariDataSource       : HikariPool-1 - Starting...
2019-09-16 16:48:20.382  INFO 91464 --- [main] com.zaxxer.hikari.HikariDataSource       : HikariPool-1 - Start completed.
2019-09-16 16:48:26.545  INFO 91464 --- [main] org.mongodb.driver.cluster               : Cluster created with settings {hosts=[127.0.0.1:30001], mode=MULTIPLE, requiredClusterType=UNKNOWN, serverSelectionTimeout='30000 ms', maxWaitQueueSize=500}
2019-09-16 16:48:26.545  INFO 91464 --- [main] org.mongodb.driver.cluster               : Adding discovered server 127.0.0.1:30001 to client view of cluster
2019-09-16 16:48:26.747  INFO 91464 --- [cluster-ClusterId{value='5d7f4c5a35cb346548f3737d', description='null'}-127.0.0.1:30001] org.mongodb.driver.connection            : Opened connection [connectionId{localValue:1, serverValue:1097}] to 127.0.0.1:30001
2019-09-16 16:48:26.777  INFO 91464 --- [cluster-ClusterId{value='5d7f4c5a35cb346548f3737d', description='null'}-127.0.0.1:30001] org.mongodb.driver.cluster               : Monitor thread successfully connected to server with description ServerDescription{address=127.0.0.1:30001, type=STANDALONE, state=CONNECTED, ok=true, version=ServerVersion{versionList=[3, 4, 2]}, minWireVersion=0, maxWireVersion=5, maxDocumentSize=16777216, logicalSessionTimeoutMinutes=null, roundTripTimeNanos=24739479}
2019-09-16 16:48:26.779  INFO 91464 --- [cluster-ClusterId{value='5d7f4c5a35cb346548f3737d', description='null'}-127.0.0.1:30001] org.mongodb.driver.cluster               : Discovered cluster type of STANDALONE
2019-09-16 16:48:29.364  INFO 91464 --- [main] o.s.s.concurrent.ThreadPoolTaskExecutor  : Initializing ExecutorService 'applicationTaskExecutor'
2019-09-16 16:48:30.885  INFO 91464 --- [main] o.s.b.a.e.web.EndpointLinksResolver      : Exposing 2 endpoint(s) beneath base path '/actuator'
2019-09-16 16:48:31.081  INFO 91464 --- [main] com.tk.TkMigrateApplicationTests         : Started TkMigrateApplicationTests in 30.604 seconds (JVM running for 31.866)
2019-09-16 16:48:31.430  INFO 91464 --- [Thread-3] o.s.s.concurrent.ThreadPoolTaskExecutor  : Shutting down ExecutorService 'applicationTaskExecutor'
2019-09-16 16:48:31.437  INFO 91464 --- [Thread-3] com.zaxxer.hikari.HikariDataSource       : HikariPool-1 - Shutdown initiated...
2019-09-16 16:48:31.450  INFO 91464 --- [Thread-3] com.zaxxer.hikari.HikariDataSource       : HikariPool-1 - Shutdown completed.
2019-09-16 16:50:02.087  INFO 91853 --- [main] com.tk.TkMigrateApplicationTests         : Starting TkMigrateApplicationTests on xiaomanbodeMacBook-Pro.local with PID 91853 (started by alex in /Users/alex/Downloads/tk/tk-migrate)
2019-09-16 16:50:02.089  INFO 91853 --- [main] com.tk.TkMigrateApplicationTests         : The following profiles are active: oracle
2019-09-16 16:50:03.738  WARN 91853 --- [main] o.m.s.mapper.ClassPathMapperScanner      : Skipping MapperFactoryBean with name 'adminKnowledgeDao' and 'com.tk.migrate.dao.AdminKnowledgeDao' mapperInterface. Bean already defined with the same name!
2019-09-16 16:50:03.739  WARN 91853 --- [main] o.m.s.mapper.ClassPathMapperScanner      : Skipping MapperFactoryBean with name 'adminPointRelationDao' and 'com.tk.migrate.dao.AdminPointRelationDao' mapperInterface. Bean already defined with the same name!
2019-09-16 16:50:03.739  WARN 91853 --- [main] o.m.s.mapper.ClassPathMapperScanner      : Skipping MapperFactoryBean with name 'adminQuestionKnowDao' and 'com.tk.migrate.dao.AdminQuestionKnowDao' mapperInterface. Bean already defined with the same name!
2019-09-16 16:50:03.739  WARN 91853 --- [main] o.m.s.mapper.ClassPathMapperScanner      : Skipping MapperFactoryBean with name 'categoryDao' and 'com.tk.migrate.dao.CategoryDao' mapperInterface. Bean already defined with the same name!
2019-09-16 16:50:03.740  WARN 91853 --- [main] o.m.s.mapper.ClassPathMapperScanner      : Skipping MapperFactoryBean with name 'questionDao' and 'com.tk.migrate.dao.QuestionDao' mapperInterface. Bean already defined with the same name!
2019-09-16 16:50:03.740  WARN 91853 --- [main] o.m.s.mapper.ClassPathMapperScanner      : Skipping MapperFactoryBean with name 'subjectDao' and 'com.tk.migrate.dao.SubjectDao' mapperInterface. Bean already defined with the same name!
2019-09-16 16:50:03.740  WARN 91853 --- [main] o.m.s.mapper.ClassPathMapperScanner      : No MyBatis mapper was found in '[com.tk.*.dao]' package. Please check your configuration.
2019-09-16 16:50:04.553  INFO 91853 --- [main] .s.d.r.c.RepositoryConfigurationDelegate : Bootstrapping Spring Data repositories in DEFAULT mode.
2019-09-16 16:50:04.699  INFO 91853 --- [main] .s.d.r.c.RepositoryConfigurationDelegate : Finished Spring Data repository scanning in 133ms. Found 0 repository interfaces.
2019-09-16 16:50:06.008  INFO 91853 --- [main] trationDelegate$BeanPostProcessorChecker : Bean 'org.springframework.transaction.annotation.ProxyTransactionManagementConfiguration' of type [org.springframework.transaction.annotation.ProxyTransactionManagementConfiguration$$EnhancerBySpringCGLIB$$44f09894] is not eligible for getting processed by all BeanPostProcessors (for example: not eligible for auto-proxying)
2019-09-16 16:50:06.620  INFO 91853 --- [main] com.zaxxer.hikari.HikariDataSource       : HikariPool-1 - Starting...
2019-09-16 16:50:07.448  INFO 91853 --- [main] com.zaxxer.hikari.HikariDataSource       : HikariPool-1 - Start completed.
2019-09-16 16:50:13.476  INFO 91853 --- [main] org.mongodb.driver.cluster               : Cluster created with settings {hosts=[localhost:27017], mode=SINGLE, requiredClusterType=UNKNOWN, serverSelectionTimeout='30000 ms', maxWaitQueueSize=500}
2019-09-16 16:50:13.534  INFO 91853 --- [cluster-ClusterId{value='5d7f4cc535cb3466cd1d0eb9', description='null'}-localhost:27017] org.mongodb.driver.cluster               : Exception in monitor thread while connecting to server localhost:27017

com.mongodb.MongoSocketOpenException: Exception opening socket
	at com.mongodb.internal.connection.SocketStream.open(SocketStream.java:67) ~[mongodb-driver-core-3.8.2.jar:na]
	at com.mongodb.internal.connection.InternalStreamConnection.open(InternalStreamConnection.java:126) ~[mongodb-driver-core-3.8.2.jar:na]
	at com.mongodb.internal.connection.DefaultServerMonitor$ServerMonitorRunnable.run(DefaultServerMonitor.java:117) ~[mongodb-driver-core-3.8.2.jar:na]
	at java.lang.Thread.run(Thread.java:745) [na:1.8.0_91]
Caused by: java.net.ConnectException: Connection refused
	at java.net.PlainSocketImpl.socketConnect(Native Method) ~[na:1.8.0_91]
	at java.net.AbstractPlainSocketImpl.doConnect(AbstractPlainSocketImpl.java:350) ~[na:1.8.0_91]
	at java.net.AbstractPlainSocketImpl.connectToAddress(AbstractPlainSocketImpl.java:206) ~[na:1.8.0_91]
	at java.net.AbstractPlainSocketImpl.connect(AbstractPlainSocketImpl.java:188) ~[na:1.8.0_91]
	at java.net.SocksSocketImpl.connect(SocksSocketImpl.java:392) ~[na:1.8.0_91]
	at java.net.Socket.connect(Socket.java:589) ~[na:1.8.0_91]
	at com.mongodb.internal.connection.SocketStreamHelper.initialize(SocketStreamHelper.java:64) ~[mongodb-driver-core-3.8.2.jar:na]
	at com.mongodb.internal.connection.SocketStream.open(SocketStream.java:62) ~[mongodb-driver-core-3.8.2.jar:na]
	... 3 common frames omitted

2019-09-16 16:50:15.542  INFO 91853 --- [main] o.s.s.concurrent.ThreadPoolTaskExecutor  : Initializing ExecutorService 'applicationTaskExecutor'
2019-09-16 16:50:16.952  INFO 91853 --- [main] o.s.b.a.e.web.EndpointLinksResolver      : Exposing 2 endpoint(s) beneath base path '/actuator'
2019-09-16 16:50:17.040  INFO 91853 --- [main] com.tk.TkMigrateApplicationTests         : Started TkMigrateApplicationTests in 30.659 seconds (JVM running for 31.956)
2019-09-16 16:50:17.419  INFO 91853 --- [Thread-3] o.s.s.concurrent.ThreadPoolTaskExecutor  : Shutting down ExecutorService 'applicationTaskExecutor'
2019-09-16 16:50:17.427  INFO 91853 --- [Thread-3] com.zaxxer.hikari.HikariDataSource       : HikariPool-1 - Shutdown initiated...
2019-09-16 16:50:17.440  INFO 91853 --- [Thread-3] com.zaxxer.hikari.HikariDataSource       : HikariPool-1 - Shutdown completed.
2019-09-16 16:57:06.580  INFO 93362 --- [main] com.tk.TkMigrateApplicationTests         : Starting TkMigrateApplicationTests on xiaomanbodeMacBook-Pro.local with PID 93362 (started by alex in /Users/alex/Downloads/tk/tk-migrate)
2019-09-16 16:57:06.582  INFO 93362 --- [main] com.tk.TkMigrateApplicationTests         : The following profiles are active: oracle
2019-09-16 16:57:07.338  WARN 93362 --- [main] o.m.s.mapper.ClassPathMapperScanner      : Skipping MapperFactoryBean with name 'adminKnowledgeDao' and 'com.tk.migrate.dao.AdminKnowledgeDao' mapperInterface. Bean already defined with the same name!
2019-09-16 16:57:07.338  WARN 93362 --- [main] o.m.s.mapper.ClassPathMapperScanner      : Skipping MapperFactoryBean with name 'adminPointRelationDao' and 'com.tk.migrate.dao.AdminPointRelationDao' mapperInterface. Bean already defined with the same name!
2019-09-16 16:57:07.339  WARN 93362 --- [main] o.m.s.mapper.ClassPathMapperScanner      : Skipping MapperFactoryBean with name 'adminQuestionKnowDao' and 'com.tk.migrate.dao.AdminQuestionKnowDao' mapperInterface. Bean already defined with the same name!
2019-09-16 16:57:07.339  WARN 93362 --- [main] o.m.s.mapper.ClassPathMapperScanner      : Skipping MapperFactoryBean with name 'categoryDao' and 'com.tk.migrate.dao.CategoryDao' mapperInterface. Bean already defined with the same name!
2019-09-16 16:57:07.340  WARN 93362 --- [main] o.m.s.mapper.ClassPathMapperScanner      : Skipping MapperFactoryBean with name 'questionDao' and 'com.tk.migrate.dao.QuestionDao' mapperInterface. Bean already defined with the same name!
2019-09-16 16:57:07.340  WARN 93362 --- [main] o.m.s.mapper.ClassPathMapperScanner      : Skipping MapperFactoryBean with name 'subjectDao' and 'com.tk.migrate.dao.SubjectDao' mapperInterface. Bean already defined with the same name!
2019-09-16 16:57:07.341  WARN 93362 --- [main] o.m.s.mapper.ClassPathMapperScanner      : No MyBatis mapper was found in '[com.tk.*.dao]' package. Please check your configuration.
2019-09-16 16:57:08.484  INFO 93362 --- [main] trationDelegate$BeanPostProcessorChecker : Bean 'org.springframework.transaction.annotation.ProxyTransactionManagementConfiguration' of type [org.springframework.transaction.annotation.ProxyTransactionManagementConfiguration$$EnhancerBySpringCGLIB$$b63028d6] is not eligible for getting processed by all BeanPostProcessors (for example: not eligible for auto-proxying)
2019-09-16 16:57:08.978  INFO 93362 --- [main] com.zaxxer.hikari.HikariDataSource       : HikariPool-1 - Starting...
2019-09-16 16:57:09.761  INFO 93362 --- [main] com.zaxxer.hikari.HikariDataSource       : HikariPool-1 - Start completed.
2019-09-16 16:57:11.862  INFO 93362 --- [main] o.s.s.concurrent.ThreadPoolTaskExecutor  : Initializing ExecutorService 'applicationTaskExecutor'
2019-09-16 16:57:13.524  INFO 93362 --- [main] o.s.b.a.e.web.EndpointLinksResolver      : Exposing 2 endpoint(s) beneath base path '/actuator'
2019-09-16 16:57:13.653  INFO 93362 --- [main] com.tk.TkMigrateApplicationTests         : Started TkMigrateApplicationTests in 22.879 seconds (JVM running for 24.593)
2019-09-16 16:57:14.137  INFO 93362 --- [Thread-3] o.s.s.concurrent.ThreadPoolTaskExecutor  : Shutting down ExecutorService 'applicationTaskExecutor'
2019-09-16 16:57:14.142  INFO 93362 --- [Thread-3] com.zaxxer.hikari.HikariDataSource       : HikariPool-1 - Shutdown initiated...
2019-09-16 16:57:14.166  INFO 93362 --- [Thread-3] com.zaxxer.hikari.HikariDataSource       : HikariPool-1 - Shutdown completed.
2019-09-16 18:00:13.739  INFO 5928 --- [main] com.tk.TkMigrateApplicationTests         : Starting TkMigrateApplicationTests on xiaomanbodeMacBook-Pro.local with PID 5928 (started by alex in /Users/alex/Downloads/tk/tk-migrate)
2019-09-16 18:00:13.743  INFO 5928 --- [main] com.tk.TkMigrateApplicationTests         : The following profiles are active: oracle
2019-09-16 18:00:14.958  WARN 5928 --- [main] o.m.s.mapper.ClassPathMapperScanner      : Skipping MapperFactoryBean with name 'adminKnowledgeDao' and 'com.tk.migrate.dao.AdminKnowledgeDao' mapperInterface. Bean already defined with the same name!
2019-09-16 18:00:14.958  WARN 5928 --- [main] o.m.s.mapper.ClassPathMapperScanner      : Skipping MapperFactoryBean with name 'adminPointRelationDao' and 'com.tk.migrate.dao.AdminPointRelationDao' mapperInterface. Bean already defined with the same name!
2019-09-16 18:00:14.959  WARN 5928 --- [main] o.m.s.mapper.ClassPathMapperScanner      : Skipping MapperFactoryBean with name 'adminQuestionKnowDao' and 'com.tk.migrate.dao.AdminQuestionKnowDao' mapperInterface. Bean already defined with the same name!
2019-09-16 18:00:14.959  WARN 5928 --- [main] o.m.s.mapper.ClassPathMapperScanner      : Skipping MapperFactoryBean with name 'categoryDao' and 'com.tk.migrate.dao.CategoryDao' mapperInterface. Bean already defined with the same name!
2019-09-16 18:00:14.959  WARN 5928 --- [main] o.m.s.mapper.ClassPathMapperScanner      : Skipping MapperFactoryBean with name 'questionDao' and 'com.tk.migrate.dao.QuestionDao' mapperInterface. Bean already defined with the same name!
2019-09-16 18:00:14.959  WARN 5928 --- [main] o.m.s.mapper.ClassPathMapperScanner      : Skipping MapperFactoryBean with name 'subjectDao' and 'com.tk.migrate.dao.SubjectDao' mapperInterface. Bean already defined with the same name!
2019-09-16 18:00:14.960  WARN 5928 --- [main] o.m.s.mapper.ClassPathMapperScanner      : No MyBatis mapper was found in '[com.tk.*.dao]' package. Please check your configuration.
2019-09-16 18:00:16.432  INFO 5928 --- [main] trationDelegate$BeanPostProcessorChecker : Bean 'org.springframework.transaction.annotation.ProxyTransactionManagementConfiguration' of type [org.springframework.transaction.annotation.ProxyTransactionManagementConfiguration$$EnhancerBySpringCGLIB$$11162bee] is not eligible for getting processed by all BeanPostProcessors (for example: not eligible for auto-proxying)
2019-09-16 18:00:16.952  INFO 5928 --- [main] com.zaxxer.hikari.HikariDataSource       : HikariPool-1 - Starting...
2019-09-16 18:00:17.727  INFO 5928 --- [main] com.zaxxer.hikari.HikariDataSource       : HikariPool-1 - Start completed.
2019-09-16 18:00:19.696  INFO 5928 --- [main] o.s.s.concurrent.ThreadPoolTaskExecutor  : Initializing ExecutorService 'applicationTaskExecutor'
2019-09-16 18:00:21.172  INFO 5928 --- [main] o.s.b.a.e.web.EndpointLinksResolver      : Exposing 2 endpoint(s) beneath base path '/actuator'
2019-09-16 18:00:21.289  INFO 5928 --- [main] com.tk.TkMigrateApplicationTests         : Started TkMigrateApplicationTests in 23.32 seconds (JVM running for 24.626)
2019-09-16 18:00:21.760  INFO 5928 --- [Thread-3] o.s.s.concurrent.ThreadPoolTaskExecutor  : Shutting down ExecutorService 'applicationTaskExecutor'
2019-09-16 18:00:21.768  INFO 5928 --- [Thread-3] com.zaxxer.hikari.HikariDataSource       : HikariPool-1 - Shutdown initiated...
2019-09-16 18:00:26.677  INFO 5928 --- [Thread-3] com.zaxxer.hikari.HikariDataSource       : HikariPool-1 - Shutdown completed.
